0 verbose cli /usr/local/bin/node /usr/local/lib/node_modules/npm/bin/npm-cli.js
1 info using npm@10.9.2
2 info using node@v22.15.1
3 silly config load:file:/usr/local/lib/node_modules/npm/npmrc
4 silly config load:file:/Users/goge/maxtab/.npmrc
5 silly config load:file:/usr/local/etc/npmrc
6 verbose title npm exec aiot start
7 verbose argv "exec" "--" "aiot" "start"
8 verbose logfile logs-max:10 dir:/Users/goge/maxtab/.npm/_logs/2026-03-26T07_12_49_501Z-
9 verbose logfile /Users/goge/maxtab/.npm/_logs/2026-03-26T07_12_49_501Z-debug-0.log
10 silly logfile done cleaning log files
11 http fetch GET 200 https://registry.npmjs.org/npm 123ms
12 verbose cwd /Users/goge/maxtab
13 verbose os Darwin 25.4.0
14 verbose node v22.15.1
15 verbose npm  v10.9.2
16 notice
16 notice New [31mmajor[39m version of npm available! [31m10.9.2[39m -> [34m11.12.0[39m
16 notice Changelog: [34mhttps://github.com/npm/cli/releases/tag/v11.12.0[39m
16 notice To update run: [4mnpm install -g npm@11.12.0[24m
16 notice  { force: true, [Symbol(proc-log.meta)]: true }
17 verbose exit 1
18 verbose code 1
